<?xml version="1.0" encoding="UTF-8"?>
<!-- Generated by org.testng.reporters.JUnitXMLReporter -->
<testsuite ignored="0" hostname="DESKTOP-OS6BKGO" failures="1" tests="12" name="Test" time="43.832" errors="0" timestamp="2025-07-22T20:41:25 IST">
  <testcase classname="com.tutorialninja.testcases.RegisterTest" name="verifyRegisteringAccWithAllFields" time="1.403"/>
  <testcase classname="com.tutorialninja.testcases.RegisterTest" name="verifyRegisteringAccWithExistingEmail" time="0.962"/>
  <testcase classname="com.tutorialninja.testcases.RegisterTest" name="verifyRegisteringAccWithMandFields" time="1.353"/>
  <testcase classname="com.tutorialninja.testcases.LoginTest" name="loginWithValidCredentials" time="0.9"/>
  <testcase classname="com.tutorialninja.testcases.LoginTest" name="loginWithValidCredentials" time="0.88"/>
  <testcase classname="com.tutorialninja.testcases.LoginTest" name="loginWithValidCredentials" time="0.904"/>
  <testcase classname="com.tutorialninja.testcases.LoginTest" name="loginWithInvalidCredentials" time="0.759"/>
  <testcase classname="com.tutorialninja.testcases.LoginTest" name="verifyWithValidEmailAndInvalidPassword" time="0.747"/>
  <testcase classname="com.tutorialninja.testcases.LoginTest" name="verifyWithInalidEmailAndValidPassword" time="0.782"/>
  <testcase classname="com.tutorialninja.testcases.SearchTest" name="VerifyWithInvalidProduct" time="0.333">
    <failure type="java.lang.AssertionError" message="expected [true] but found [false]">
      <![CDATA[java.lang.AssertionError: expected [true] but found [false]
at com.tutorialninja.testcases.SearchTest.VerifyWithInvalidProduct(SearchTest.java:46)
at java.base/java.util.ArrayList.forEach(ArrayList.java:1511)
... Removed 31 stack frames]]>
    </failure>
  </testcase> <!-- VerifyWithInvalidProduct -->
  <testcase classname="com.tutorialninja.testcases.SearchTest" name="verifyWithValidProduct" time="0.352"/>
  <testcase classname="com.tutorialninja.testcases.SearchTest" name="verifyWithoutProduct" time="0.0">
    <skipped/>
  </testcase> <!-- verifyWithoutProduct -->
</testsuite> <!-- Test -->
