<?xml version="1.0" encoding="UTF-8"?>
<!-- Generated by org.testng.reporters.JUnitXMLReporter -->
<testsuite ignored="0" hostname="DESKTOP-OS6BKGO" failures="1" tests="12" name="Test" time="48.847" errors="0" timestamp="2025-07-22T19:14:58 IST">
  <testcase classname="com.tutorialninja.testcases.RegisterTest" name="verifyRegisteringAccWithAllFields" time="1.659"/>
  <testcase classname="com.tutorialninja.testcases.RegisterTest" name="verifyRegisteringAccWithExistingEmail" time="1.137"/>
  <testcase classname="com.tutorialninja.testcases.RegisterTest" name="verifyRegisteringAccWithMandFields" time="1.37"/>
  <testcase classname="com.tutorialninja.testcases.LoginTest" name="loginWithValidCredentials" time="0.94"/>
  <testcase classname="com.tutorialninja.testcases.LoginTest" name="loginWithValidCredentials" time="1.049"/>
  <testcase classname="com.tutorialninja.testcases.LoginTest" name="loginWithValidCredentials" time="1.042"/>
  <testcase classname="com.tutorialninja.testcases.LoginTest" name="loginWithInvalidCredentials" time="1.157"/>
  <testcase classname="com.tutorialninja.testcases.LoginTest" name="verifyWithValidEmailAndInvalidPassword" time="0.824"/>
  <testcase classname="com.tutorialninja.testcases.LoginTest" name="verifyWithInalidEmailAndValidPassword" time="0.835"/>
  <testcase classname="com.tutorialninja.testcases.SearchTest" name="VerifyWithInvalidProduct" time="0.412">
    <failure type="java.lang.AssertionError" message="expected [true] but found [false]">
      <![CDATA[java.lang.AssertionError: expected [true] but found [false]
at com.tutorialninja.testcases.SearchTest.VerifyWithInvalidProduct(SearchTest.java:46)
at java.base/java.util.ArrayList.forEach(ArrayList.java:1596)
... Removed 33 stack frames]]>
    </failure>
  </testcase> <!-- VerifyWithInvalidProduct -->
  <testcase classname="com.tutorialninja.testcases.SearchTest" name="verifyWithValidProduct" time="0.729"/>
  <testcase classname="com.tutorialninja.testcases.SearchTest" name="verifyWithoutProduct" time="0.002">
    <skipped/>
  </testcase> <!-- verifyWithoutProduct -->
</testsuite> <!-- Test -->
